<?xml version="1.0" encoding="UTF-8"?>
<!-- Generated by org.testng.reporters.JUnitXMLReporter -->
<testsuite ignored="0" hostname="DESKTOP-TEEU60O" failures="0" tests="4" name="OrangeHrm" time="54.739" errors="0" timestamp="2020-06-06T13:57:12 IST">
  <testcase classname="LoginTestCases.BothCorrect" name="Loginwithbothcorrect" time="21.29"/>
  <testcase classname="LoginTestCases.BothInCorrect" name="Loginwithbothincorrect" time="11.342"/>
  <testcase classname="LoginTestCases.CorrectPW" name="Loginwithcorrectpassword" time="11.806"/>
  <testcase classname="LoginTestCases.CorrectUserName" name="Loginwithcorrectusername" time="10.255"/>
</testsuite> <!-- OrangeHrm -->
