<?xml version="1.0" encoding="UTF-8"?>
<!-- Generated by org.testng.reporters.JUnitXMLReporter -->
<testsuite ignored="1" hostname="DESKTOP-TEEU60O" failures="0" tests="4" name="Default test" time="0.144" errors="0" timestamp="2020-04-26T14:54:07 IST">
  <testcase classname="Testng.DriveaCar" name="startacar" time="0.027"/>
  <testcase classname="Testng.DriveaCar" name="putsecondgear" time="0.001"/>
  <testcase classname="Testng.DriveaCar" name="putthirdgear" time="0.001"/>
  <testcase classname="Testng.DriveaCar" name="putfourthgear" time="0.001"/>
  <testcase classname="Testng.DriveaCar" name="putfirstgear" time="0.0">
    <ignored/>
  </testcase> <!-- putfirstgear -->
</testsuite> <!-- Default test -->
