<?xml version="1.0" encoding="UTF-8"?>
<!-- Generated by org.testng.reporters.JUnitXMLReporter -->
<testsuite ignored="0" hostname="DESKTOP-TEEU60O" failures="0" tests="5" name="Testng" time="0.112" errors="0" timestamp="2020-03-29T21:52:14 IST">
  <testcase classname="Testng.DriveaCar" name="startacar" time="0.012"/>
  <testcase classname="Testng.DriveaCar" name="putfirstgear" time="0.004"/>
  <testcase classname="Testng.DriveaCar" name="putsecondgear" time="0.012"/>
  <testcase classname="Testng.DriveaCar" name="putthirdgear" time="0.004"/>
  <testcase classname="Testng.DriveaCar" name="putfourthgear" time="0.003"/>
</testsuite> <!-- Testng -->
