<?xml version="1.0" encoding="UTF-8"?>
<!-- Generated by org.testng.reporters.JUnitXMLReporter -->
<testsuite ignored="0" hostname="DESKTOP-TEEU60O" failures="0" tests="4" name="Default test" time="58.606" errors="0" timestamp="2020-06-07T11:14:03 IST">
  <testcase classname="LoginTestCases.Login" name="Logincorrect" time="21.69"/>
  <testcase classname="LoginTestCases.Login" name="Logincorrect" time="12.692"/>
  <testcase classname="LoginTestCases.Login" name="Logincorrect" time="12.485"/>
  <testcase classname="LoginTestCases.Login" name="Logincorrect" time="11.651"/>
</testsuite> <!-- Default test -->
