<?xml version="1.0" encoding="UTF-8"?>
<!-- Generated by org.testng.reporters.JUnitXMLReporter -->
<testsuite ignored="1" hostname="DESKTOP-TEEU60O" failures="0" tests="8" name="sheikh" time="36.927" errors="0" timestamp="2020-04-19T14:59:43 IST">
  <testcase classname="Testng.SuiteExample" name="openBing" time="1.661"/>
  <testcase classname="Testng.SuiteExample" name="opengoogle" time="9.32"/>
  <testcase classname="Testng.SuiteExample" name="openyahoo" time="25.75"/>
  <testcase classname="Testng.NewTest67" name="f" time="0.005"/>
  <testcase classname="Testng.DriveaCar" name="startacar" time="0.001"/>
  <testcase classname="Testng.DriveaCar" name="putsecondgear" time="0.003"/>
  <testcase classname="Testng.DriveaCar" name="putthirdgear" time="0.003"/>
  <testcase classname="Testng.DriveaCar" name="putfourthgear" time="0.001"/>
  <testcase classname="Testng.DriveaCar" name="putfirstgear" time="0.0">
    <ignored/>
  </testcase> <!-- putfirstgear -->
</testsuite> <!-- sheikh -->
