<?xml version="1.0" encoding="UTF-8"?>
<!-- Generated by org.testng.reporters.JUnitXMLReporter -->
<testsuite ignored="1" hostname="DESKTOP-TEEU60O" failures="0" tests="9" name="ragavan" time="0.218" errors="0" timestamp="2020-04-13T11:32:56 IST">
  <testcase classname="Testng.DependanciesManagement" name="highschool" time="0.015"/>
  <testcase classname="Testng.DependanciesManagement" name="highersecondary" time="0.004"/>
  <testcase classname="Testng.DependanciesManagement" name="enggineering" time="0.004"/>
  <testcase classname="Testng.NewTest" name="f" time="0.007"/>
  <testcase classname="Testng.NewTest" name="f2" time="0.003"/>
  <testcase classname="Testng.DriveaCar" name="startacar" time="0.003"/>
  <testcase classname="Testng.DriveaCar" name="putsecondgear" time="0.003"/>
  <testcase classname="Testng.DriveaCar" name="putthirdgear" time="0.004"/>
  <testcase classname="Testng.DriveaCar" name="putfourthgear" time="0.002"/>
  <testcase classname="Testng.DriveaCar" name="putfirstgear" time="0.0">
    <ignored/>
  </testcase> <!-- putfirstgear -->
</testsuite> <!-- ragavan -->
